{
  "stats": {
    "suites": 2,
    "tests": 25,
    "passes": 6,
    "pending": 0,
    "failures": 19,
    "start": "2024-08-07T21:16:44.686Z",
    "end": "2024-08-07T21:16:54.433Z",
    "duration": 9747,
    "testsRegistered": 25,
    "passPercent": 24,
    "pendingPercent": 0,
    "other": 0,
    "hasOther": false,
    "skipped": 0,
    "hasSkipped": false
  },
  "results": [
    {
      "uuid": "e348f7ea-c6dd-482d-b4f8-a877c75d5b59",
      "title": "",
      "fullFile": "",
      "file": "",
      "beforeHooks": [],
      "afterHooks": [],
      "tests": [],
      "suites": [
        {
          "uuid": "550988a4-d002-4e04-a425-d682f271cd14",
          "title": "Recurso Authors",
          "fullFile": "C:\\Projetos\\desafioWorkaLove\\e2e\\authors.spec.js",
          "file": "\\e2e\\authors.spec.js",
          "beforeHooks": [],
          "afterHooks": [],
          "tests": [
            {
              "title": "Consultar lista de autores com sucesso",
              "fullTitle": "Recurso Authors Consultar lista de autores com sucesso",
              "timedOut": false,
              "duration": 1607,
              "state": "passed",
              "speed": "slow",
              "pass": true,
              "fail": false,
              "pending": false,
              "context": null,
              "code": "author = _autor.Autor.criarAutor();\nawait _baseSteps.BaseSteps.cadastrar(urlAuthor, author);\nlet consulta = await (0, _pactum.spec)().get(urlAuthor);\nresposta = {\n  json: consulta.json,\n  statusCode: consulta.statusCode,\n  statusMessage: consulta.statusMessage\n};\n_baseSteps.BaseSteps.respostaOKEArrayNaoVazio(resposta);",
              "err": {},
              "uuid": "7f7b67ed-f03f-4a67-9b29-b35428ee031b",
              "parentUUID": "550988a4-d002-4e04-a425-d682f271cd14",
              "isHook": false,
              "skipped": false
            },
            {
              "title": "Consultar livros por autor com sucesso",
              "fullTitle": "Recurso Authors Consultar livros por autor com sucesso",
              "timedOut": false,
              "duration": 480,
              "state": "failed",
              "speed": null,
              "pass": false,
              "fail": true,
              "pending": false,
              "context": null,
              "code": "author = _autor.Autor.criarAutor();\nawait _baseSteps.BaseSteps.cadastrar(urlAuthor, author);\nresposta = await _baseSteps.BaseSteps.consultar(`${urlAuthor}/authors/books`, author.idBook);\n_baseSteps.BaseSteps.respostaOKEArrayNaoVazio(resposta);\n(0, _chai.expect)(resposta.json).to.be.contain(author);",
              "err": {
                "message": "AssertionError: expected [ { id: 184, idBook: 64, …(2) }, …(1) ] to include Autor{ id: 458, idBook: 64, …(2) }",
                "estack": "AssertionError: expected [ { id: 184, idBook: 64, …(2) }, …(1) ] to include Autor{ id: 458, idBook: 64, …(2) }\n    at Context.<anonymous> (e2e\\/authors.spec.js:32:33)\n    at processTicksAndRejections (node:internal/process/task_queues:95:5)",
                "diff": null
              },
              "uuid": "38b0ec8f-6ef6-4c1a-a462-33b58f10d738",
              "parentUUID": "550988a4-d002-4e04-a425-d682f271cd14",
              "isHook": false,
              "skipped": false
            },
            {
              "title": "Consultar livros por autor não encontrado",
              "fullTitle": "Recurso Authors Consultar livros por autor não encontrado",
              "timedOut": false,
              "duration": 239,
              "state": "failed",
              "speed": null,
              "pass": false,
              "fail": true,
              "pending": false,
              "context": null,
              "code": "resposta = await _baseSteps.BaseSteps.consultar(`${urlAuthor}/authors/books`, 999);\n_baseSteps.BaseSteps.respostaNotFound(resposta);",
              "err": {
                "message": "AssertionError: expected 200 to deeply equal 404",
                "estack": "AssertionError: expected 200 to deeply equal 404\n    at Function.respostaNotFound (src\\util\\/baseSteps.js:71:39)\n    at Context.<anonymous> (e2e\\/authors.spec.js:39:15)\n    at processTicksAndRejections (node:internal/process/task_queues:95:5)",
                "diff": "- 200\n+ 404\n"
              },
              "uuid": "392ff63b-ece5-41dd-94f8-30b55020d994",
              "parentUUID": "550988a4-d002-4e04-a425-d682f271cd14",
              "isHook": false,
              "skipped": false
            }
          ],
          "suites": [],
          "passes": [
            "7f7b67ed-f03f-4a67-9b29-b35428ee031b"
          ],
          "failures": [
            "38b0ec8f-6ef6-4c1a-a462-33b58f10d738",
            "392ff63b-ece5-41dd-94f8-30b55020d994"
          ],
          "pending": [],
          "skipped": [],
          "duration": 2326,
          "root": false,
          "rootEmpty": false,
          "_timeout": 20000
        },
        {
          "uuid": "ffc1f76e-e0f6-4483-a83d-29585b6443c9",
          "title": "Recurso Books",
          "fullFile": "C:\\Projetos\\desafioWorkaLove\\e2e\\books.spec.js",
          "file": "\\e2e\\books.spec.js",
          "beforeHooks": [],
          "afterHooks": [],
          "tests": [
            {
              "title": "Consultar todos os livros com sucesso",
              "fullTitle": "Recurso Books Consultar todos os livros com sucesso",
              "timedOut": false,
              "duration": 718,
              "state": "passed",
              "speed": "slow",
              "pass": true,
              "fail": false,
              "pending": false,
              "context": null,
              "code": "livro = _livro.Livro.criarLivro();\nawait _baseSteps.BaseSteps.cadastrar(urlBook, livro);\nlet consulta = await (0, _pactum.spec)().get(urlBook);\nresposta = {\n  json: consulta.json,\n  statusCode: consulta.statusCode,\n  statusMessage: consulta.statusMessage\n};\n_baseSteps.BaseSteps.respostaOKEArrayNaoVazio(resposta);",
              "err": {},
              "uuid": "0d9b2f42-44d4-4b9b-beb8-a3af7f5c3a64",
              "parentUUID": "ffc1f76e-e0f6-4483-a83d-29585b6443c9",
              "isHook": false,
              "skipped": false
            },
            {
              "title": "Consultar um livro com sucesso",
              "fullTitle": "Recurso Books Consultar um livro com sucesso",
              "timedOut": false,
              "duration": 237,
              "state": "passed",
              "speed": "slow",
              "pass": true,
              "fail": false,
              "pending": false,
              "context": null,
              "code": "resposta = await _baseSteps.BaseSteps.consultar(urlBook, 3);\n(0, _chai.expect)(resposta.statusCode).to.be.eql(200);\n(0, _chai.expect)(resposta.statusMessage).to.be.eql('OK');\n(0, _chai.expect)(resposta.json).not.be.empty;",
              "err": {},
              "uuid": "1b5e2f5e-e9f4-4d88-b962-3afde3987c88",
              "parentUUID": "ffc1f76e-e0f6-4483-a83d-29585b6443c9",
              "isHook": false,
              "skipped": false
            },
            {
              "title": "Consultar um livro não encontrado",
              "fullTitle": "Recurso Books Consultar um livro não encontrado",
              "timedOut": false,
              "duration": 239,
              "state": "passed",
              "speed": "slow",
              "pass": true,
              "fail": false,
              "pending": false,
              "context": null,
              "code": "resposta = await _baseSteps.BaseSteps.consultar(urlBook, 999);\n_baseSteps.BaseSteps.respostaNotFound(resposta);",
              "err": {},
              "uuid": "c3e3c4bd-290b-409b-b197-cf30f0a4736b",
              "parentUUID": "ffc1f76e-e0f6-4483-a83d-29585b6443c9",
              "isHook": false,
              "skipped": false
            },
            {
              "title": "Criar um livro com sucesso",
              "fullTitle": "Recurso Books Criar um livro com sucesso",
              "timedOut": false,
              "duration": 237,
              "state": "failed",
              "speed": null,
              "pass": false,
              "fail": true,
              "pending": false,
              "context": null,
              "code": "livro = _livro.Livro.criarLivro();\nresposta = await _baseSteps.BaseSteps.cadastrar(urlBook, livro);\n_baseSteps.BaseSteps.respostaCreated(resposta, livro);\nresposta = await _baseSteps.BaseSteps.consultar(urlBook, resposta.json.id);\n_baseSteps.BaseSteps.respostaOK(resposta, livro);",
              "err": {
                "message": "AssertionError: expected 200 to deeply equal 201",
                "estack": "AssertionError: expected 200 to deeply equal 201\n    at Function.respostaCreated (src\\util\\/baseSteps.js:49:39)\n    at Context.<anonymous> (e2e\\/books.spec.js:40:15)\n    at processTicksAndRejections (node:internal/process/task_queues:95:5)",
                "diff": "- 200\n+ 201\n"
              },
              "uuid": "1a559bfc-e33e-401d-9d46-bdaad0500d8c",
              "parentUUID": "ffc1f76e-e0f6-4483-a83d-29585b6443c9",
              "isHook": false,
              "skipped": false
            },
            {
              "title": "Criar um livro informando identificador vinculado a outro livro cadastrado no sistema",
              "fullTitle": "Recurso Books Criar um livro informando identificador vinculado a outro livro cadastrado no sistema",
              "timedOut": false,
              "duration": 238,
              "state": "failed",
              "speed": null,
              "pass": false,
              "fail": true,
              "pending": false,
              "context": null,
              "code": "livro = _livro.Livro.criarLivro();\nlivro.id = 1;\nresposta = await _baseSteps.BaseSteps.cadastrar(urlBook, livro);\n_baseSteps.BaseSteps.respostaBadRequest(resposta, 'Id vinculado a outro livro no sistema');\nresposta = await _baseSteps.BaseSteps.consultar(urlBook, livro.id);\n_baseSteps.BaseSteps.respostaNotFound(resposta);",
              "err": {
                "message": "AssertionError: expected 200 to deeply equal 400",
                "estack": "AssertionError: expected 200 to deeply equal 400\n    at Function.respostaBadRequest (src\\util\\/baseSteps.js:64:39)\n    at Context.<anonymous> (e2e\\/books.spec.js:51:15)\n    at processTicksAndRejections (node:internal/process/task_queues:95:5)",
                "diff": "- 200\n+ 400\n"
              },
              "uuid": "2c6e5080-8036-4ac5-99f7-9a96f87785a9",
              "parentUUID": "ffc1f76e-e0f6-4483-a83d-29585b6443c9",
              "isHook": false,
              "skipped": false
            },
            {
              "title": "Criar um livro sem informar titulo",
              "fullTitle": "Recurso Books Criar um livro sem informar titulo",
              "timedOut": false,
              "duration": 245,
              "state": "failed",
              "speed": null,
              "pass": false,
              "fail": true,
              "pending": false,
              "context": null,
              "code": "livro = _livro.Livro.criarLivro();\nlivro.title = \"\";\nresposta = await _baseSteps.BaseSteps.cadastrar(urlBook, livro);\n_baseSteps.BaseSteps.respostaBadRequest(resposta, 'Titulo é um campo obrigatório');\n(0, _chai.expect)(resposta.json.title).to.be.empty;\nresposta = await _baseSteps.BaseSteps.consultar(urlBook, livro.id);\n_baseSteps.BaseSteps.respostaNotFound(resposta);",
              "err": {
                "message": "AssertionError: expected 200 to deeply equal 400",
                "estack": "AssertionError: expected 200 to deeply equal 400\n    at Function.respostaBadRequest (src\\util\\/baseSteps.js:64:39)\n    at Context.<anonymous> (e2e\\/books.spec.js:62:15)\n    at processTicksAndRejections (node:internal/process/task_queues:95:5)",
                "diff": "- 200\n+ 400\n"
              },
              "uuid": "053ad00d-f210-4402-b594-04c2d3304e6f",
              "parentUUID": "ffc1f76e-e0f6-4483-a83d-29585b6443c9",
              "isHook": false,
              "skipped": false
            },
            {
              "title": "Criar um livro sem informar descrição",
              "fullTitle": "Recurso Books Criar um livro sem informar descrição",
              "timedOut": false,
              "duration": 234,
              "state": "failed",
              "speed": null,
              "pass": false,
              "fail": true,
              "pending": false,
              "context": null,
              "code": "livro = _livro.Livro.criarLivro();\nlivro.description = \"\";\nresposta = await _baseSteps.BaseSteps.cadastrar(urlBook, livro);\n_baseSteps.BaseSteps.respostaCreated(resposta, livro);\n(0, _chai.expect)(resposta.json.description).to.be.empty;\nresposta = await _baseSteps.BaseSteps.consultar(urlBook, resposta.json.id);\n_baseSteps.BaseSteps.respostaOK(resposta, livro);",
              "err": {
                "message": "AssertionError: expected 200 to deeply equal 201",
                "estack": "AssertionError: expected 200 to deeply equal 201\n    at Function.respostaCreated (src\\util\\/baseSteps.js:49:39)\n    at Context.<anonymous> (e2e\\/books.spec.js:75:15)\n    at processTicksAndRejections (node:internal/process/task_queues:95:5)",
                "diff": "- 200\n+ 201\n"
              },
              "uuid": "3a00edbd-8f5c-41a8-bca6-307e0d55d2b5",
              "parentUUID": "ffc1f76e-e0f6-4483-a83d-29585b6443c9",
              "isHook": false,
              "skipped": false
            },
            {
              "title": "Criar um livro sem informar quantidade de páginas",
              "fullTitle": "Recurso Books Criar um livro sem informar quantidade de páginas",
              "timedOut": false,
              "duration": 235,
              "state": "failed",
              "speed": null,
              "pass": false,
              "fail": true,
              "pending": false,
              "context": null,
              "code": "livro = _livro.Livro.criarLivro();\nlivro.pageCount = 0;\nresposta = await _baseSteps.BaseSteps.cadastrar(urlBook, livro);\n_baseSteps.BaseSteps.respostaBadRequest(resposta, 'PageCount é um campo obrigatório');\n(0, _chai.expect)(resposta.json.pageCount).to.be.eq(0);\nresposta = await _baseSteps.BaseSteps.consultar(urlBook, livro.id);\n_baseSteps.BaseSteps.respostaNotFound(resposta);",
              "err": {
                "message": "AssertionError: expected 200 to deeply equal 400",
                "estack": "AssertionError: expected 200 to deeply equal 400\n    at Function.respostaBadRequest (src\\util\\/baseSteps.js:64:39)\n    at Context.<anonymous> (e2e\\/books.spec.js:87:15)\n    at processTicksAndRejections (node:internal/process/task_queues:95:5)",
                "diff": "- 200\n+ 400\n"
              },
              "uuid": "16febca9-49bd-4b8d-8acb-c6dc1ff54f44",
              "parentUUID": "ffc1f76e-e0f6-4483-a83d-29585b6443c9",
              "isHook": false,
              "skipped": false
            },
            {
              "title": "Criar um livro sem informar um resumo",
              "fullTitle": "Recurso Books Criar um livro sem informar um resumo",
              "timedOut": false,
              "duration": 238,
              "state": "failed",
              "speed": null,
              "pass": false,
              "fail": true,
              "pending": false,
              "context": null,
              "code": "livro = _livro.Livro.criarLivro();\nlivro.excerpt = \"\";\nresposta = await _baseSteps.BaseSteps.cadastrar(urlBook, livro);\n_baseSteps.BaseSteps.respostaCreated(resposta, livro);\n(0, _chai.expect)(resposta.json.excerpt).to.be.empty;\nresposta = await _baseSteps.BaseSteps.consultar(urlBook, livro.id);\n_baseSteps.BaseSteps.respostaOK(resposta, livro);",
              "err": {
                "message": "AssertionError: expected 200 to deeply equal 201",
                "estack": "AssertionError: expected 200 to deeply equal 201\n    at Function.respostaCreated (src\\util\\/baseSteps.js:49:39)\n    at Context.<anonymous> (e2e\\/books.spec.js:99:15)\n    at processTicksAndRejections (node:internal/process/task_queues:95:5)",
                "diff": "- 200\n+ 201\n"
              },
              "uuid": "8829c3cc-2418-4ed6-b2d4-65e8a6f8ac66",
              "parentUUID": "ffc1f76e-e0f6-4483-a83d-29585b6443c9",
              "isHook": false,
              "skipped": false
            },
            {
              "title": "Criar um livro sem informar data de publicação",
              "fullTitle": "Recurso Books Criar um livro sem informar data de publicação",
              "timedOut": false,
              "duration": 480,
              "state": "passed",
              "speed": "slow",
              "pass": true,
              "fail": false,
              "pending": false,
              "context": null,
              "code": "livro = _livro.Livro.criarLivro();\nlivro.publishDate = \"\";\nlivro.id = 201;\nresposta = await _baseSteps.BaseSteps.cadastrar(urlBook, livro);\n_baseSteps.BaseSteps.respostaBadRequest(resposta, 'One or more validation errors occurred.');\nresposta = await _baseSteps.BaseSteps.consultar(urlBook, livro.id);\n_baseSteps.BaseSteps.respostaNotFound(resposta);",
              "err": {},
              "uuid": "b2791a1e-b9db-4e9e-b9c9-719f2a5a94fd",
              "parentUUID": "ffc1f76e-e0f6-4483-a83d-29585b6443c9",
              "isHook": false,
              "skipped": false
            },
            {
              "title": "Criar um livro sem informar identificador",
              "fullTitle": "Recurso Books Criar um livro sem informar identificador",
              "timedOut": false,
              "duration": 234,
              "state": "failed",
              "speed": null,
              "pass": false,
              "fail": true,
              "pending": false,
              "context": null,
              "code": "livro = _livro.Livro.criarLivro();\nlivro.id = 0;\nresposta = await _baseSteps.BaseSteps.cadastrar(urlBook, livro);\n_baseSteps.BaseSteps.respostaBadRequest(resposta, 'Id é um campo obrigátorio');\n(0, _chai.expect)(resposta.json.id).to.be.eql(0);\nresposta = await _baseSteps.BaseSteps.consultar(urlBook, livro.id);\n_baseSteps.BaseSteps.respostaNotFound(resposta);",
              "err": {
                "message": "AssertionError: expected 200 to deeply equal 400",
                "estack": "AssertionError: expected 200 to deeply equal 400\n    at Function.respostaBadRequest (src\\util\\/baseSteps.js:64:39)\n    at Context.<anonymous> (e2e\\/books.spec.js:123:15)\n    at processTicksAndRejections (node:internal/process/task_queues:95:5)",
                "diff": "- 200\n+ 400\n"
              },
              "uuid": "50e99a00-b053-4509-b155-5c18edfdb893",
              "parentUUID": "ffc1f76e-e0f6-4483-a83d-29585b6443c9",
              "isHook": false,
              "skipped": false
            },
            {
              "title": "Atualizar um livro com sucesso",
              "fullTitle": "Recurso Books Atualizar um livro com sucesso",
              "timedOut": false,
              "duration": 489,
              "state": "failed",
              "speed": null,
              "pass": false,
              "fail": true,
              "pending": false,
              "context": null,
              "code": "livro = _livro.Livro.criarLivro();\nlivro.id = 200;\nresposta = await _baseSteps.BaseSteps.atualizar(urlBook, livro);\n_baseSteps.BaseSteps.respostaOK(resposta, livro);\nresposta = await _baseSteps.BaseSteps.consultar(urlBook, resposta.json.id);\n_baseSteps.BaseSteps.respostaOK(resposta, livro);",
              "err": {
                "message": "AssertionError: expected { id: 200, title: 'Book 200', …(4) } to deeply equal Livro{ id: 200, …(5) }",
                "estack": "AssertionError: expected { id: 200, title: 'Book 200', …(4) } to deeply equal Livro{ id: 200, …(5) }\n    at Function.respostaOK (src\\util\\/baseSteps.js:45:33)\n    at Context.<anonymous> (e2e\\/books.spec.js:138:15)\n    at processTicksAndRejections (node:internal/process/task_queues:95:5)",
                "diff": " {\n-   \"description\": \"Lorem lorem lorem. Lorem lorem lorem. Lorem lorem lorem.\\n\"\n-   \"excerpt\": \"Lorem lorem lorem. Lorem lorem lorem. Lorem lorem lorem.\\nLorem lorem lorem. Lorem lorem lorem. Lorem lorem lorem.\\nLorem lorem lorem. Lorem lorem lorem. Lorem lorem lorem.\\nLorem lorem lorem. Lorem lorem lorem. Lorem lorem lorem.\\nLorem lorem lorem. Lorem lorem lorem. Lorem lorem lorem.\\n\"\n+   \"description\": \"Compre o que faz diferença na sua vida\"\n+   \"excerpt\": \"Seja Minimalista\"\n   \"id\": 200\n-   \"pageCount\": 20000\n-   \"publishDate\": \"2024-01-20T21:16:50.9810346+00:00\"\n-   \"title\": \"Book 200\"\n+   \"pageCount\": 194\n+   \"publishDate\": \"2024-08-07T21:16:50.372Z\"\n+   \"title\": \"Essencialismo\"\n }\n"
              },
              "uuid": "87b08ea3-9ece-49ec-ae2e-f54ee72097f5",
              "parentUUID": "ffc1f76e-e0f6-4483-a83d-29585b6443c9",
              "isHook": false,
              "skipped": false
            },
            {
              "title": "Atualizar um livro informando identificador vinculado a outro livro cadastrado no sistema",
              "fullTitle": "Recurso Books Atualizar um livro informando identificador vinculado a outro livro cadastrado no sistema",
              "timedOut": false,
              "duration": 246,
              "state": "failed",
              "speed": null,
              "pass": false,
              "fail": true,
              "pending": false,
              "context": null,
              "code": "livro = _livro.Livro.criarLivro();\nlivro.id = 200;\nlet atualizar = await (0, _pactum.spec)().put(urlBook + `/${livro.id}`).withHeaders('Content-Type', 'application/json').withBody({\n  \"id\": 1,\n  \"title\": livro.title,\n  \"description\": livro.description,\n  \"pageCount\": livro.pageCount,\n  \"excerpt\": livro.excerpt,\n  \"publishDate\": livro.publishDate\n});\nresposta = {\n  json: atualizar.json,\n  statusCode: atualizar.statusCode,\n  statusMessage: atualizar.statusMessage\n};\n_baseSteps.BaseSteps.respostaBadRequest(resposta, 'Id vinculado a outro livro no sistema');\nresposta = await _baseSteps.BaseSteps.consultar(urlBook, resposta.json.id);\n(0, _chai.expect)(resposta.statusCode).to.be.eql(200);\n(0, _chai.expect)(resposta.statusMessage).to.be.eql('OK');\n(0, _chai.expect)(resposta.json).not.be.eql(livro);",
              "err": {
                "message": "AssertionError: expected 200 to deeply equal 400",
                "estack": "AssertionError: expected 200 to deeply equal 400\n    at Function.respostaBadRequest (src\\util\\/baseSteps.js:64:39)\n    at Context.<anonymous> (e2e\\/books.spec.js:158:15)\n    at processTicksAndRejections (node:internal/process/task_queues:95:5)",
                "diff": "- 200\n+ 400\n"
              },
              "uuid": "833b1cfd-4749-467c-b53f-aaf1eb892c41",
              "parentUUID": "ffc1f76e-e0f6-4483-a83d-29585b6443c9",
              "isHook": false,
              "skipped": false
            },
            {
              "title": "Atualizar um livro sem informar titulo",
              "fullTitle": "Recurso Books Atualizar um livro sem informar titulo",
              "timedOut": false,
              "duration": 240,
              "state": "failed",
              "speed": null,
              "pass": false,
              "fail": true,
              "pending": false,
              "context": null,
              "code": "livro = _livro.Livro.criarLivro();\nlivro.title = \"\";\nlivro.id = 200;\nresposta = await _baseSteps.BaseSteps.atualizar(urlBook, livro);\n_baseSteps.BaseSteps.respostaBadRequest(resposta, 'titulo é um campo obtigatório');\n(0, _chai.expect)(resposta.json.title).to.be.empty;\nresposta = await _baseSteps.BaseSteps.consultar(urlBook, livro.id);\n(0, _chai.expect)(resposta.statusCode).to.be.eql(200);\n(0, _chai.expect)(resposta.statusMessage).to.be.eql('OK');\n(0, _chai.expect)(resposta.json).not.be.eql(livro);",
              "err": {
                "message": "AssertionError: expected 200 to deeply equal 400",
                "estack": "AssertionError: expected 200 to deeply equal 400\n    at Function.respostaBadRequest (src\\util\\/baseSteps.js:64:39)\n    at Context.<anonymous> (e2e\\/books.spec.js:172:15)\n    at processTicksAndRejections (node:internal/process/task_queues:95:5)",
                "diff": "- 200\n+ 400\n"
              },
              "uuid": "7ca95529-72af-4088-af5b-015014e99b17",
              "parentUUID": "ffc1f76e-e0f6-4483-a83d-29585b6443c9",
              "isHook": false,
              "skipped": false
            },
            {
              "title": "Atualizar um livro sem informar descrição",
              "fullTitle": "Recurso Books Atualizar um livro sem informar descrição",
              "timedOut": false,
              "duration": 518,
              "state": "failed",
              "speed": null,
              "pass": false,
              "fail": true,
              "pending": false,
              "context": null,
              "code": "livro = _livro.Livro.criarLivro();\nlivro.description = \"\";\nlivro.id = 200;\nresposta = await _baseSteps.BaseSteps.atualizar(urlBook, livro);\n_baseSteps.BaseSteps.respostaOK(resposta, livro);\n(0, _chai.expect)(resposta.json.description).to.be.empty;\nresposta = await _baseSteps.BaseSteps.consultar(urlBook, livro.id);\n_baseSteps.BaseSteps.respostaOK(resposta, livro);",
              "err": {
                "message": "AssertionError: expected { id: 200, title: 'Book 200', …(4) } to deeply equal Livro{ id: 200, …(5) }",
                "estack": "AssertionError: expected { id: 200, title: 'Book 200', …(4) } to deeply equal Livro{ id: 200, …(5) }\n    at Function.respostaOK (src\\util\\/baseSteps.js:45:33)\n    at Context.<anonymous> (e2e\\/books.spec.js:191:15)\n    at processTicksAndRejections (node:internal/process/task_queues:95:5)",
                "diff": " {\n-   \"description\": \"Lorem lorem lorem. Lorem lorem lorem. Lorem lorem lorem.\\n\"\n-   \"excerpt\": \"Lorem lorem lorem. Lorem lorem lorem. Lorem lorem lorem.\\nLorem lorem lorem. Lorem lorem lorem. Lorem lorem lorem.\\nLorem lorem lorem. Lorem lorem lorem. Lorem lorem lorem.\\nLorem lorem lorem. Lorem lorem lorem. Lorem lorem lorem.\\nLorem lorem lorem. Lorem lorem lorem. Lorem lorem lorem.\\n\"\n+   \"description\": \"\"\n+   \"excerpt\": \"Percy está no labirinto em busca do raio de Zeus\"\n   \"id\": 200\n-   \"pageCount\": 20000\n-   \"publishDate\": \"2024-01-20T21:16:51.9813823+00:00\"\n-   \"title\": \"Book 200\"\n+   \"pageCount\": 201\n+   \"publishDate\": \"2024-08-07T21:16:51.351Z\"\n+   \"title\": \"Percy Jackson a Batalha do Labirinto\"\n }\n"
              },
              "uuid": "c52317fe-d5cf-4c91-888b-2413271615c9",
              "parentUUID": "ffc1f76e-e0f6-4483-a83d-29585b6443c9",
              "isHook": false,
              "skipped": false
            },
            {
              "title": "Atualizar um livro sem informar quantidades de páginas",
              "fullTitle": "Recurso Books Atualizar um livro sem informar quantidades de páginas",
              "timedOut": false,
              "duration": 242,
              "state": "failed",
              "speed": null,
              "pass": false,
              "fail": true,
              "pending": false,
              "context": null,
              "code": "livro = _livro.Livro.criarLivro();\nlivro.pageCount = 0;\nlivro.id = 200;\nresposta = await _baseSteps.BaseSteps.atualizar(urlBook, livro);\n_baseSteps.BaseSteps.respostaBadRequest(resposta, 'PageCount é um campo obrigatório');\n(0, _chai.expect)(resposta.json.pageCount).to.be.eql(0);\nresposta = await _baseSteps.BaseSteps.consultar(urlBook, livro.id);\n(0, _chai.expect)(resposta.statusCode).to.be.eql(200);\n(0, _chai.expect)(resposta.statusMessage).to.be.eql('OK');\n(0, _chai.expect)(resposta.json).not.be.eql(livro);",
              "err": {
                "message": "AssertionError: expected 200 to deeply equal 400",
                "estack": "AssertionError: expected 200 to deeply equal 400\n    at Function.respostaBadRequest (src\\util\\/baseSteps.js:64:39)\n    at Context.<anonymous> (e2e\\/books.spec.js:200:15)\n    at processTicksAndRejections (node:internal/process/task_queues:95:5)",
                "diff": "- 200\n+ 400\n"
              },
              "uuid": "7a72d301-ff4b-4d40-8666-2c85e3029f64",
              "parentUUID": "ffc1f76e-e0f6-4483-a83d-29585b6443c9",
              "isHook": false,
              "skipped": false
            },
            {
              "title": "Atualizar um livro sem informar um resumo",
              "fullTitle": "Recurso Books Atualizar um livro sem informar um resumo",
              "timedOut": false,
              "duration": 254,
              "state": "failed",
              "speed": null,
              "pass": false,
              "fail": true,
              "pending": false,
              "context": null,
              "code": "livro = _livro.Livro.criarLivro();\nlivro.excerpt = \"\";\nlivro.id = 200;\nresposta = await _baseSteps.BaseSteps.atualizar(urlBook, livro);\n_baseSteps.BaseSteps.respostaOK(resposta, livro);\n(0, _chai.expect)(resposta.json.expect).to.be.empty;\nresposta = await _baseSteps.BaseSteps.consultar(urlBook, livro.id);\n_baseSteps.BaseSteps.respostaOK(resposta, livro);",
              "err": {
                "message": "AssertionError: .empty was passed non-string primitive undefined",
                "estack": "AssertionError: .empty was passed non-string primitive undefined\n    at Context.<anonymous> (e2e\\/books.spec.js:216:39)\n    at processTicksAndRejections (node:internal/process/task_queues:95:5)",
                "diff": null
              },
              "uuid": "9645588b-2df7-46a3-9ac7-2ef9caf053de",
              "parentUUID": "ffc1f76e-e0f6-4483-a83d-29585b6443c9",
              "isHook": false,
              "skipped": false
            },
            {
              "title": "Atualizar um livro sem data de publicação",
              "fullTitle": "Recurso Books Atualizar um livro sem data de publicação",
              "timedOut": false,
              "duration": 542,
              "state": "passed",
              "speed": "slow",
              "pass": true,
              "fail": false,
              "pending": false,
              "context": null,
              "code": "livro = _livro.Livro.criarLivro();\nlivro.publishDate = \"\";\nlivro.id = 200;\nresposta = await _baseSteps.BaseSteps.atualizar(urlBook, livro);\n_baseSteps.BaseSteps.respostaBadRequest(resposta, 'One or more validation errors occurred.');\nresposta = await _baseSteps.BaseSteps.consultar(urlBook, livro.id);\n(0, _chai.expect)(resposta.statusCode).to.be.eql(200);\n(0, _chai.expect)(resposta.statusMessage).to.be.eql('OK');\n(0, _chai.expect)(resposta.json).not.be.eql(livro);",
              "err": {},
              "uuid": "a0f4d3d4-8520-4cf0-8471-faeeba2a7f9c",
              "parentUUID": "ffc1f76e-e0f6-4483-a83d-29585b6443c9",
              "isHook": false,
              "skipped": false
            },
            {
              "title": "Atualizar um livro sem identificador",
              "fullTitle": "Recurso Books Atualizar um livro sem identificador",
              "timedOut": false,
              "duration": 245,
              "state": "failed",
              "speed": null,
              "pass": false,
              "fail": true,
              "pending": false,
              "context": null,
              "code": "livro = _livro.Livro.criarLivro();\nlivro.id = 200;\nlet atualizar = await (0, _pactum.spec)().put(urlBook + `/${livro.id}`).withHeaders('Content-Type', 'application/json').withBody({\n  \"id\": 0,\n  \"title\": livro.title,\n  \"description\": livro.description,\n  \"pageCount\": livro.pageCount,\n  \"excerpt\": livro.excerpt,\n  \"publishDate\": livro.publishDate\n});\nresposta = {\n  json: atualizar.json,\n  statusCode: atualizar.statusCode,\n  statusMessage: atualizar.statusMessage\n};\n_baseSteps.BaseSteps.respostaBadRequest(resposta, 'Id é um campo obrigatório');\nresposta = await _baseSteps.BaseSteps.consultar(urlBook, 0);\n(0, _chai.expect)(resposta.statusCode).to.be.eql(404);\n(0, _chai.expect)(resposta.statusMessage).to.be.eql('Not Found');",
              "err": {
                "message": "AssertionError: expected 200 to deeply equal 400",
                "estack": "AssertionError: expected 200 to deeply equal 400\n    at Function.respostaBadRequest (src\\util\\/baseSteps.js:64:39)\n    at Context.<anonymous> (e2e\\/books.spec.js:254:15)\n    at processTicksAndRejections (node:internal/process/task_queues:95:5)",
                "diff": "- 200\n+ 400\n"
              },
              "uuid": "01602fb4-1601-49ab-b8d6-ce9f16f9bc37",
              "parentUUID": "ffc1f76e-e0f6-4483-a83d-29585b6443c9",
              "isHook": false,
              "skipped": false
            },
            {
              "title": "Atualizar um livro não encontrado",
              "fullTitle": "Recurso Books Atualizar um livro não encontrado",
              "timedOut": false,
              "duration": 250,
              "state": "failed",
              "speed": null,
              "pass": false,
              "fail": true,
              "pending": false,
              "context": null,
              "code": "livro = _livro.Livro.criarLivro();\nlivro.id = 202;\nresposta = await _baseSteps.BaseSteps.atualizar(urlBook, livro);\n_baseSteps.BaseSteps.respostaNotFound(resposta);\nresposta = await _baseSteps.BaseSteps.consultar(urlBook, livro.id);\n_baseSteps.BaseSteps.respostaNotFound(resposta);",
              "err": {
                "message": "AssertionError: expected 200 to deeply equal 404",
                "estack": "AssertionError: expected 200 to deeply equal 404\n    at Function.respostaNotFound (src\\util\\/baseSteps.js:71:39)\n    at Context.<anonymous> (e2e\\/books.spec.js:266:15)\n    at processTicksAndRejections (node:internal/process/task_queues:95:5)",
                "diff": "- 200\n+ 404\n"
              },
              "uuid": "9ff92e89-2712-4a7c-935e-17052c336461",
              "parentUUID": "ffc1f76e-e0f6-4483-a83d-29585b6443c9",
              "isHook": false,
              "skipped": false
            },
            {
              "title": "Remover um livro com sucesso",
              "fullTitle": "Recurso Books Remover um livro com sucesso",
              "timedOut": false,
              "duration": 775,
              "state": "failed",
              "speed": null,
              "pass": false,
              "fail": true,
              "pending": false,
              "context": null,
              "code": "let consulta = await (0, _pactum.spec)().get(urlBook);\nresposta = {\n  json: consulta.json,\n  statusCode: consulta.statusCode,\n  statusMessage: consulta.statusMessage\n};\nconst totalBooks = resposta.json.length;\nconst bookAleatorio = Math.floor(Math.random() * totalBooks);\nresposta = await _baseSteps.BaseSteps.deletar(urlBook, bookAleatorio);\nresposta = await _baseSteps.BaseSteps.consultar(urlBook, bookAleatorio);\n_baseSteps.BaseSteps.respostaNotFound(resposta);",
              "err": {
                "message": "AssertionError: expected 200 to deeply equal 404",
                "estack": "AssertionError: expected 200 to deeply equal 404\n    at Function.respostaNotFound (src\\util\\/baseSteps.js:71:39)\n    at Context.<anonymous> (e2e\\/books.spec.js:282:15)\n    at processTicksAndRejections (node:internal/process/task_queues:95:5)",
                "diff": "- 200\n+ 404\n"
              },
              "uuid": "16a714e9-ff04-46f6-a0aa-2b3205db6aac",
              "parentUUID": "ffc1f76e-e0f6-4483-a83d-29585b6443c9",
              "isHook": false,
              "skipped": false
            },
            {
              "title": "Remover um livro não encontrado",
              "fullTitle": "Recurso Books Remover um livro não encontrado",
              "timedOut": false,
              "duration": 248,
              "state": "failed",
              "speed": null,
              "pass": false,
              "fail": true,
              "pending": false,
              "context": null,
              "code": "const bookIdentificador = 999;\nresposta = await _baseSteps.BaseSteps.deletar(urlBook, bookIdentificador);\n_baseSteps.BaseSteps.respostaNotFound(resposta);",
              "err": {
                "message": "AssertionError: expected 200 to deeply equal 404",
                "estack": "AssertionError: expected 200 to deeply equal 404\n    at Function.respostaNotFound (src\\util\\/baseSteps.js:71:39)\n    at Context.<anonymous> (e2e\\/books.spec.js:288:15)\n    at processTicksAndRejections (node:internal/process/task_queues:95:5)",
                "diff": "- 200\n+ 404\n"
              },
              "uuid": "58a47299-f805-4599-b817-25f8c9153383",
              "parentUUID": "ffc1f76e-e0f6-4483-a83d-29585b6443c9",
              "isHook": false,
              "skipped": false
            }
          ],
          "suites": [],
          "passes": [
            "0d9b2f42-44d4-4b9b-beb8-a3af7f5c3a64",
            "1b5e2f5e-e9f4-4d88-b962-3afde3987c88",
            "c3e3c4bd-290b-409b-b197-cf30f0a4736b",
            "b2791a1e-b9db-4e9e-b9c9-719f2a5a94fd",
            "a0f4d3d4-8520-4cf0-8471-faeeba2a7f9c"
          ],
          "failures": [
            "1a559bfc-e33e-401d-9d46-bdaad0500d8c",
            "2c6e5080-8036-4ac5-99f7-9a96f87785a9",
            "053ad00d-f210-4402-b594-04c2d3304e6f",
            "3a00edbd-8f5c-41a8-bca6-307e0d55d2b5",
            "16febca9-49bd-4b8d-8acb-c6dc1ff54f44",
            "8829c3cc-2418-4ed6-b2d4-65e8a6f8ac66",
            "50e99a00-b053-4509-b155-5c18edfdb893",
            "87b08ea3-9ece-49ec-ae2e-f54ee72097f5",
            "833b1cfd-4749-467c-b53f-aaf1eb892c41",
            "7ca95529-72af-4088-af5b-015014e99b17",
            "c52317fe-d5cf-4c91-888b-2413271615c9",
            "7a72d301-ff4b-4d40-8666-2c85e3029f64",
            "9645588b-2df7-46a3-9ac7-2ef9caf053de",
            "01602fb4-1601-49ab-b8d6-ce9f16f9bc37",
            "9ff92e89-2712-4a7c-935e-17052c336461",
            "16a714e9-ff04-46f6-a0aa-2b3205db6aac",
            "58a47299-f805-4599-b817-25f8c9153383"
          ],
          "pending": [],
          "skipped": [],
          "duration": 7384,
          "root": false,
          "rootEmpty": false,
          "_timeout": 20000
        }
      ],
      "passes": [],
      "failures": [],
      "pending": [],
      "skipped": [],
      "duration": 0,
      "root": true,
      "rootEmpty": true,
      "_timeout": 20000
    }
  ],
  "meta": {
    "mocha": {
      "version": "10.7.0"
    },
    "mochawesome": {
      "options": {
        "quiet": false,
        "reportFilename": "mochawesome",
        "saveHtml": true,
        "saveJson": true,
        "consoleReporter": "spec",
        "useInlineDiffs": false,
        "code": true
      },
      "version": "7.1.3"
    },
    "marge": {
      "options": {
        "reportDir": "report"
      },
      "version": "6.2.0"
    }
  }
}